Loading URLs from results/trainer_cards_urls.json...
Found 483 cards to scrape

=== Pokemon TCG Scraper - From URLs ===
Input file: results/trainer_cards_urls.json
Total cards: 483
Estimated time: 56 minutes
Output: trainer_cards_full_2025-11-23T19-35-05_details.json

Starting scrape...

[1/483] (0%) Scraping svp/45...
Loading: https://www.pokemon.com/us/pokemon-tcg/pokemon-cards/series/svp/45/
[2/483] (0%) Scraping svp/114...
Loading: https://www.pokemon.com/us/pokemon-tcg/pokemon-cards/series/svp/114/
[3/483] (1%) Scraping svp/124...
Loading: https://www.pokemon.com/us/pokemon-tcg/pokemon-cards/series/svp/124/
[4/483] (1%) Scraping svp/150...
Loading: https://www.pokemon.com/us/pokemon-tcg/pokemon-cards/series/svp/150/
[5/483] (1%) Scraping svp/219...
Loading: https://www.pokemon.com/us/pokemon-tcg/pokemon-cards/series/svp/219/
[6/483] (1%) Scraping svp/220...
Loading: https://www.pokemon.com/us/pokemon-tcg/pokemon-cards/series/svp/220/
[7/483] (1%) Scraping svp/221...
Loading: https://www.pokemon.com/us/pokemon-tcg/pokemon-cards/series/svp/221/
[8/483] (2%) Scraping svp/222...
Loading: https://www.pokemon.com/us/pokemon-tcg/pokemon-cards/series/svp/222/
[9/483] (2%) Scraping svp/223...
Loading: https://www.pokemon.com/us/pokemon-tcg/pokemon-cards/series/svp/223/
[10/483] (2%) Scraping svp/224...
Loading: https://www.pokemon.com/us/pokemon-tcg/pokemon-cards/series/svp/224/
[10/483] Progress saved | Success: 10, Failed: 0 | ETA: 61m 29s

[11/483] (2%) Scraping sv01/166...
Loading: https://www.pokemon.com/us/pokemon-tcg/pokemon-cards/series/sv01/166/
[12/483] (2%) Scraping sv01/167...
Loading: https://www.pokemon.com/us/pokemon-tcg/pokemon-cards/series/sv01/167/
[13/483] (3%) Scraping sv01/168...
Loading: https://www.pokemon.com/us/pokemon-tcg/pokemon-cards/series/sv01/168/
[14/483] (3%) Scraping sv01/169...
Loading: https://www.pokemon.com/us/pokemon-tcg/pokemon-cards/series/sv01/169/
[15/483] (3%) Scraping sv01/170...
Loading: https://www.pokemon.com/us/pokemon-tcg/pokemon-cards/series/sv01/170/
[16/483] (3%) Scraping sv01/171...
Loading: https://www.pokemon.com/us/pokemon-tcg/pokemon-cards/series/sv01/171/
[17/483] (4%) Scraping sv01/172...
Loading: https://www.pokemon.com/us/pokemon-tcg/pokemon-cards/series/sv01/172/
[18/483] (4%) Scraping sv01/173...
Loading: https://www.pokemon.com/us/pokemon-tcg/pokemon-cards/series/sv01/173/
[19/483] (4%) Scraping sv01/174...
Loading: https://www.pokemon.com/us/pokemon-tcg/pokemon-cards/series/sv01/174/
[20/483] (4%) Scraping sv01/175...
Loading: https://www.pokemon.com/us/pokemon-tcg/pokemon-cards/series/sv01/175/
[20/483] Progress saved | Success: 20, Failed: 0 | ETA: 60m 11s

[21/483] (4%) Scraping sv01/176...
Loading: https://www.pokemon.com/us/pokemon-tcg/pokemon-cards/series/sv01/176/
[22/483] (5%) Scraping sv01/177...
Loading: https://www.pokemon.com/us/pokemon-tcg/pokemon-cards/series/sv01/177/
[23/483] (5%) Scraping sv01/178...
Loading: https://www.pokemon.com/us/pokemon-tcg/pokemon-cards/series/sv01/178/
[24/483] (5%) Scraping sv01/179...
Loading: https://www.pokemon.com/us/pokemon-tcg/pokemon-cards/series/sv01/179/
[25/483] (5%) Scraping sv01/180...
Loading: https://www.pokemon.com/us/pokemon-tcg/pokemon-cards/series/sv01/180/
[26/483] (5%) Scraping sv01/181...
Loading: https://www.pokemon.com/us/pokemon-tcg/pokemon-cards/series/sv01/181/
[27/483] (6%) Scraping sv01/182...
Loading: https://www.pokemon.com/us/pokemon-tcg/pokemon-cards/series/sv01/182/
[28/483] (6%) Scraping sv01/183...
Loading: https://www.pokemon.com/us/pokemon-tcg/pokemon-cards/series/sv01/183/
[29/483] (6%) Scraping sv01/184...
Loading: https://www.pokemon.com/us/pokemon-tcg/pokemon-cards/series/sv01/184/
[30/483] (6%) Scraping sv01/185...
Loading: https://www.pokemon.com/us/pokemon-tcg/pokemon-cards/series/sv01/185/
[30/483] Progress saved | Success: 30, Failed: 0 | ETA: 59m 9s

[31/483] (6%) Scraping sv01/186...
Loading: https://www.pokemon.com/us/pokemon-tcg/pokemon-cards/series/sv01/186/
[32/483] (7%) Scraping sv01/187...
Loading: https://www.pokemon.com/us/pokemon-tcg/pokemon-cards/series/sv01/187/
[33/483] (7%) Scraping sv01/188...
Loading: https://www.pokemon.com/us/pokemon-tcg/pokemon-cards/series/sv01/188/
[34/483] (7%) Scraping sv01/189...
Loading: https://www.pokemon.com/us/pokemon-tcg/pokemon-cards/series/sv01/189/
[35/483] (7%) Scraping sv01/190...
Loading: https://www.pokemon.com/us/pokemon-tcg/pokemon-cards/series/sv01/190/
[36/483] (7%) Scraping sv01/191...
Loading: https://www.pokemon.com/us/pokemon-tcg/pokemon-cards/series/sv01/191/
[37/483] (8%) Scraping sv01/192...
Loading: https://www.pokemon.com/us/pokemon-tcg/pokemon-cards/series/sv01/192/
[38/483] (8%) Scraping sv01/193...
Loading: https://www.pokemon.com/us/pokemon-tcg/pokemon-cards/series/sv01/193/
[39/483] (8%) Scraping sv01/194...
Loading: https://www.pokemon.com/us/pokemon-tcg/pokemon-cards/series/sv01/194/
[40/483] (8%) Scraping sv01/195...
Loading: https://www.pokemon.com/us/pokemon-tcg/pokemon-cards/series/sv01/195/
[40/483] Progress saved | Success: 40, Failed: 0 | ETA: 58m 46s

[41/483] (8%) Scraping sv01/196...
Loading: https://www.pokemon.com/us/pokemon-tcg/pokemon-cards/series/sv01/196/
[42/483] (9%) Scraping sv01/197...
Loading: https://www.pokemon.com/us/pokemon-tcg/pokemon-cards/series/sv01/197/
[43/483] (9%) Scraping sv01/198...
Loading: https://www.pokemon.com/us/pokemon-tcg/pokemon-cards/series/sv01/198/
[44/483] (9%) Scraping sv01/235...
Loading: https://www.pokemon.com/us/pokemon-tcg/pokemon-cards/series/sv01/235/
[45/483] (9%) Scraping sv01/236...
Loading: https://www.pokemon.com/us/pokemon-tcg/pokemon-cards/series/sv01/236/
[46/483] (10%) Scraping sv01/237...
Loading: https://www.pokemon.com/us/pokemon-tcg/pokemon-cards/series/sv01/237/
[47/483] (10%) Scraping sv01/238...
Loading: https://www.pokemon.com/us/pokemon-tcg/pokemon-cards/series/sv01/238/
[48/483] (10%) Scraping sv01/239...
Loading: https://www.pokemon.com/us/pokemon-tcg/pokemon-cards/series/sv01/239/
[49/483] (10%) Scraping sv01/240...
Loading: https://www.pokemon.com/us/pokemon-tcg/pokemon-cards/series/sv01/240/
[50/483] (10%) Scraping sv01/241...
Loading: https://www.pokemon.com/us/pokemon-tcg/pokemon-cards/series/sv01/241/
[50/483] Progress saved | Success: 50, Failed: 0 | ETA: 57m 35s

[51/483] (11%) Scraping sv01/242...
Loading: https://www.pokemon.com/us/pokemon-tcg/pokemon-cards/series/sv01/242/
[52/483] (11%) Scraping sv01/249...
Loading: https://www.pokemon.com/us/pokemon-tcg/pokemon-cards/series/sv01/249/
[53/483] (11%) Scraping sv01/250...
Loading: https://www.pokemon.com/us/pokemon-tcg/pokemon-cards/series/sv01/250/
[54/483] (11%) Scraping sv01/251...
Loading: https://www.pokemon.com/us/pokemon-tcg/pokemon-cards/series/sv01/251/
[55/483] (11%) Scraping sv01/252...
Loading: https://www.pokemon.com/us/pokemon-tcg/pokemon-cards/series/sv01/252/
[56/483] (12%) Scraping sv01/255...
Loading: https://www.pokemon.com/us/pokemon-tcg/pokemon-cards/series/sv01/255/
[57/483] (12%) Scraping sv01/256...
Loading: https://www.pokemon.com/us/pokemon-tcg/pokemon-cards/series/sv01/256/
[58/483] (12%) Scraping sv02/171...
Loading: https://www.pokemon.com/us/pokemon-tcg/pokemon-cards/series/sv02/171/
[59/483] (12%) Scraping sv02/172...
Loading: https://www.pokemon.com/us/pokemon-tcg/pokemon-cards/series/sv02/172/
[60/483] (12%) Scraping sv02/173...
Loading: https://www.pokemon.com/us/pokemon-tcg/pokemon-cards/series/sv02/173/
[60/483] Progress saved | Success: 60, Failed: 0 | ETA: 55m 21s

[61/483] (13%) Scraping sv02/174...
Loading: https://www.pokemon.com/us/pokemon-tcg/pokemon-cards/series/sv02/174/
[62/483] (13%) Scraping sv02/175...
Loading: https://www.pokemon.com/us/pokemon-tcg/pokemon-cards/series/sv02/175/
[63/483] (13%) Scraping sv02/176...
Loading: https://www.pokemon.com/us/pokemon-tcg/pokemon-cards/series/sv02/176/
[64/483] (13%) Scraping sv02/177...
Loading: https://www.pokemon.com/us/pokemon-tcg/pokemon-cards/series/sv02/177/
[65/483] (13%) Scraping sv02/178...
Loading: https://www.pokemon.com/us/pokemon-tcg/pokemon-cards/series/sv02/178/
[66/483] (14%) Scraping sv02/179...
Loading: https://www.pokemon.com/us/pokemon-tcg/pokemon-cards/series/sv02/179/
[67/483] (14%) Scraping sv02/180...
Loading: https://www.pokemon.com/us/pokemon-tcg/pokemon-cards/series/sv02/180/
[68/483] (14%) Scraping sv02/181...
Loading: https://www.pokemon.com/us/pokemon-tcg/pokemon-cards/series/sv02/181/
[69/483] (14%) Scraping sv02/182...
Loading: https://www.pokemon.com/us/pokemon-tcg/pokemon-cards/series/sv02/182/
[70/483] (14%) Scraping sv02/183...
Loading: https://www.pokemon.com/us/pokemon-tcg/pokemon-cards/series/sv02/183/
[70/483] Progress saved | Success: 70, Failed: 0 | ETA: 54m 59s

[71/483] (15%) Scraping sv02/184...
Loading: https://www.pokemon.com/us/pokemon-tcg/pokemon-cards/series/sv02/184/
[72/483] (15%) Scraping sv02/185...
Loading: https://www.pokemon.com/us/pokemon-tcg/pokemon-cards/series/sv02/185/
[73/483] (15%) Scraping sv02/186...
Loading: https://www.pokemon.com/us/pokemon-tcg/pokemon-cards/series/sv02/186/
[74/483] (15%) Scraping sv02/187...
Loading: https://www.pokemon.com/us/pokemon-tcg/pokemon-cards/series/sv02/187/
[75/483] (16%) Scraping sv02/188...
Loading: https://www.pokemon.com/us/pokemon-tcg/pokemon-cards/series/sv02/188/
[76/483] (16%) Scraping sv02/189...
Loading: https://www.pokemon.com/us/pokemon-tcg/pokemon-cards/series/sv02/189/
[77/483] (16%) Scraping sv02/248...
Loading: https://www.pokemon.com/us/pokemon-tcg/pokemon-cards/series/sv02/248/
[78/483] (16%) Scraping sv02/249...
Loading: https://www.pokemon.com/us/pokemon-tcg/pokemon-cards/series/sv02/249/
[79/483] (16%) Scraping sv02/250...
Loading: https://www.pokemon.com/us/pokemon-tcg/pokemon-cards/series/sv02/250/
[80/483] (17%) Scraping sv02/251...
Loading: https://www.pokemon.com/us/pokemon-tcg/pokemon-cards/series/sv02/251/
[80/483] Progress saved | Success: 80, Failed: 0 | ETA: 53m 44s

[81/483] (17%) Scraping sv02/252...
Loading: https://www.pokemon.com/us/pokemon-tcg/pokemon-cards/series/sv02/252/
[82/483] (17%) Scraping sv02/253...
Loading: https://www.pokemon.com/us/pokemon-tcg/pokemon-cards/series/sv02/253/
[83/483] (17%) Scraping sv02/254...
Loading: https://www.pokemon.com/us/pokemon-tcg/pokemon-cards/series/sv02/254/
[84/483] (17%) Scraping sv02/255...
Loading: https://www.pokemon.com/us/pokemon-tcg/pokemon-cards/series/sv02/255/
[85/483] (18%) Scraping sv02/265...
Loading: https://www.pokemon.com/us/pokemon-tcg/pokemon-cards/series/sv02/265/
[86/483] (18%) Scraping sv02/266...
Loading: https://www.pokemon.com/us/pokemon-tcg/pokemon-cards/series/sv02/266/
[87/483] (18%) Scraping sv02/267...
Loading: https://www.pokemon.com/us/pokemon-tcg/pokemon-cards/series/sv02/267/
[88/483] (18%) Scraping sv02/268...
Loading: https://www.pokemon.com/us/pokemon-tcg/pokemon-cards/series/sv02/268/
[89/483] (18%) Scraping sv02/269...
Loading: https://www.pokemon.com/us/pokemon-tcg/pokemon-cards/series/sv02/269/
[90/483] (19%) Scraping sv02/270...
Loading: https://www.pokemon.com/us/pokemon-tcg/pokemon-cards/series/sv02/270/
[90/483] Progress saved | Success: 90, Failed: 0 | ETA: 52m 32s

[91/483] (19%) Scraping sv02/276...
Loading: https://www.pokemon.com/us/pokemon-tcg/pokemon-cards/series/sv02/276/
[92/483] (19%) Scraping sv02/277...
Loading: https://www.pokemon.com/us/pokemon-tcg/pokemon-cards/series/sv02/277/
[93/483] (19%) Scraping sv03/186...
Loading: https://www.pokemon.com/us/pokemon-tcg/pokemon-cards/series/sv03/186/
[94/483] (19%) Scraping sv03/187...
Loading: https://www.pokemon.com/us/pokemon-tcg/pokemon-cards/series/sv03/187/
[95/483] (20%) Scraping sv03/188...
Loading: https://www.pokemon.com/us/pokemon-tcg/pokemon-cards/series/sv03/188/
[96/483] (20%) Scraping sv03/189...
Loading: https://www.pokemon.com/us/pokemon-tcg/pokemon-cards/series/sv03/189/
[97/483] (20%) Scraping sv03/190...
Loading: https://www.pokemon.com/us/pokemon-tcg/pokemon-cards/series/sv03/190/
[98/483] (20%) Scraping sv03/191...
Loading: https://www.pokemon.com/us/pokemon-tcg/pokemon-cards/series/sv03/191/
[99/483] (20%) Scraping sv03/192...
Loading: https://www.pokemon.com/us/pokemon-tcg/pokemon-cards/series/sv03/192/
[100/483] (21%) Scraping sv03/193...
Loading: https://www.pokemon.com/us/pokemon-tcg/pokemon-cards/series/sv03/193/
[100/483] Progress saved | Success: 100, Failed: 0 | ETA: 50m 18s

[101/483] (21%) Scraping sv03/194...
Loading: https://www.pokemon.com/us/pokemon-tcg/pokemon-cards/series/sv03/194/
[102/483] (21%) Scraping sv03/195...
Loading: https://www.pokemon.com/us/pokemon-tcg/pokemon-cards/series/sv03/195/
[103/483] (21%) Scraping sv03/196...
Loading: https://www.pokemon.com/us/pokemon-tcg/pokemon-cards/series/sv03/196/
[104/483] (22%) Scraping sv03/197...
Loading: https://www.pokemon.com/us/pokemon-tcg/pokemon-cards/series/sv03/197/
[105/483] (22%) Scraping sv03/218...
Loading: https://www.pokemon.com/us/pokemon-tcg/pokemon-cards/series/sv03/218/
[106/483] (22%) Scraping sv03/219...
Loading: https://www.pokemon.com/us/pokemon-tcg/pokemon-cards/series/sv03/219/
[107/483] (22%) Scraping sv03/220...
Loading: https://www.pokemon.com/us/pokemon-tcg/pokemon-cards/series/sv03/220/
[108/483] (22%) Scraping sv03/221...
Loading: https://www.pokemon.com/us/pokemon-tcg/pokemon-cards/series/sv03/221/
[109/483] (23%) Scraping sv03/226...
Loading: https://www.pokemon.com/us/pokemon-tcg/pokemon-cards/series/sv03/226/
[110/483] (23%) Scraping sv03/227...
Loading: https://www.pokemon.com/us/pokemon-tcg/pokemon-cards/series/sv03/227/
[110/483] Progress saved | Success: 110, Failed: 0 | ETA: 49m 57s

[111/483] (23%) Scraping sv03/229...
Loading: https://www.pokemon.com/us/pokemon-tcg/pokemon-cards/series/sv03/229/
[112/483] (23%) Scraping sv3pt5/152...
Loading: https://www.pokemon.com/us/pokemon-tcg/pokemon-cards/series/sv3pt5/152/
[113/483] (23%) Scraping sv3pt5/153...
Loading: https://www.pokemon.com/us/pokemon-tcg/pokemon-cards/series/sv3pt5/153/
[114/483] (24%) Scraping sv3pt5/154...
Loading: https://www.pokemon.com/us/pokemon-tcg/pokemon-cards/series/sv3pt5/154/
[115/483] (24%) Scraping sv3pt5/155...
Loading: https://www.pokemon.com/us/pokemon-tcg/pokemon-cards/series/sv3pt5/155/
[116/483] (24%) Scraping sv3pt5/156...
Loading: https://www.pokemon.com/us/pokemon-tcg/pokemon-cards/series/sv3pt5/156/
[117/483] (24%) Scraping sv3pt5/157...
Loading: https://www.pokemon.com/us/pokemon-tcg/pokemon-cards/series/sv3pt5/157/
[118/483] (24%) Scraping sv3pt5/158...
Loading: https://www.pokemon.com/us/pokemon-tcg/pokemon-cards/series/sv3pt5/158/
[119/483] (25%) Scraping sv3pt5/159...
Loading: https://www.pokemon.com/us/pokemon-tcg/pokemon-cards/series/sv3pt5/159/
[120/483] (25%) Scraping sv04/159...
Loading: https://www.pokemon.com/us/pokemon-tcg/pokemon-cards/series/sv04/159/
[120/483] Progress saved | Success: 120, Failed: 0 | ETA: 48m 39s

[121/483] (25%) Scraping sv3pt5/160...
Loading: https://www.pokemon.com/us/pokemon-tcg/pokemon-cards/series/sv3pt5/160/
[122/483] (25%) Scraping sv04/160...
Loading: https://www.pokemon.com/us/pokemon-tcg/pokemon-cards/series/sv04/160/
[123/483] (25%) Scraping sv3pt5/161...
Loading: https://www.pokemon.com/us/pokemon-tcg/pokemon-cards/series/sv3pt5/161/
[124/483] (26%) Scraping sv04/161...
Loading: https://www.pokemon.com/us/pokemon-tcg/pokemon-cards/series/sv04/161/
[125/483] (26%) Scraping sv04/162...
Loading: https://www.pokemon.com/us/pokemon-tcg/pokemon-cards/series/sv04/162/
[126/483] (26%) Scraping sv3pt5/162...
Loading: https://www.pokemon.com/us/pokemon-tcg/pokemon-cards/series/sv3pt5/162/
[127/483] (26%) Scraping sv04/163...
Loading: https://www.pokemon.com/us/pokemon-tcg/pokemon-cards/series/sv04/163/
[128/483] (27%) Scraping sv3pt5/163...
Loading: https://www.pokemon.com/us/pokemon-tcg/pokemon-cards/series/sv3pt5/163/
[129/483] (27%) Scraping sv04/164...
Loading: https://www.pokemon.com/us/pokemon-tcg/pokemon-cards/series/sv04/164/
[130/483] (27%) Scraping sv3pt5/164...
Loading: https://www.pokemon.com/us/pokemon-tcg/pokemon-cards/series/sv3pt5/164/
[130/483] Progress saved | Success: 130, Failed: 0 | ETA: 46m 18s

[131/483] (27%) Scraping sv3pt5/165...
Loading: https://www.pokemon.com/us/pokemon-tcg/pokemon-cards/series/sv3pt5/165/
[132/483] (27%) Scraping sv04/165...
Loading: https://www.pokemon.com/us/pokemon-tcg/pokemon-cards/series/sv04/165/
[133/483] (28%) Scraping sv04/166...
Loading: https://www.pokemon.com/us/pokemon-tcg/pokemon-cards/series/sv04/166/
[134/483] (28%) Scraping sv04/167...
Loading: https://www.pokemon.com/us/pokemon-tcg/pokemon-cards/series/sv04/167/
[135/483] (28%) Scraping sv04/168...
Loading: https://www.pokemon.com/us/pokemon-tcg/pokemon-cards/series/sv04/168/
[136/483] (28%) Scraping sv04/169...
Loading: https://www.pokemon.com/us/pokemon-tcg/pokemon-cards/series/sv04/169/
[137/483] (28%) Scraping sv04/170...
Loading: https://www.pokemon.com/us/pokemon-tcg/pokemon-cards/series/sv04/170/
[138/483] (29%) Scraping sv04/171...
Loading: https://www.pokemon.com/us/pokemon-tcg/pokemon-cards/series/sv04/171/
[139/483] (29%) Scraping sv04/172...
Loading: https://www.pokemon.com/us/pokemon-tcg/pokemon-cards/series/sv04/172/
[140/483] (29%) Scraping sv04/173...
Loading: https://www.pokemon.com/us/pokemon-tcg/pokemon-cards/series/sv04/173/
[140/483] Progress saved | Success: 140, Failed: 0 | ETA: 45m 57s

[141/483] (29%) Scraping sv04/174...
Loading: https://www.pokemon.com/us/pokemon-tcg/pokemon-cards/series/sv04/174/
[142/483] (29%) Scraping sv04/175...
Loading: https://www.pokemon.com/us/pokemon-tcg/pokemon-cards/series/sv04/175/
[143/483] (30%) Scraping sv04/176...
Loading: https://www.pokemon.com/us/pokemon-tcg/pokemon-cards/series/sv04/176/
[144/483] (30%) Scraping sv04/177...
Loading: https://www.pokemon.com/us/pokemon-tcg/pokemon-cards/series/sv04/177/
[145/483] (30%) Scraping sv04/178...
Loading: https://www.pokemon.com/us/pokemon-tcg/pokemon-cards/series/sv04/178/
[146/483] (30%) Scraping sv04/179...
Loading: https://www.pokemon.com/us/pokemon-tcg/pokemon-cards/series/sv04/179/
[147/483] (30%) Scraping sv04/180...
Loading: https://www.pokemon.com/us/pokemon-tcg/pokemon-cards/series/sv04/180/
[148/483] (31%) Scraping sv04/181...
Loading: https://www.pokemon.com/us/pokemon-tcg/pokemon-cards/series/sv04/181/
[149/483] (31%) Scraping sv3pt5/194...
Loading: https://www.pokemon.com/us/pokemon-tcg/pokemon-cards/series/sv3pt5/194/
[150/483] (31%) Scraping sv3pt5/195...
Loading: https://www.pokemon.com/us/pokemon-tcg/pokemon-cards/series/sv3pt5/195/
[150/483] Progress saved | Success: 150, Failed: 0 | ETA: 44m 40s

[151/483] (31%) Scraping sv3pt5/196...
Loading: https://www.pokemon.com/us/pokemon-tcg/pokemon-cards/series/sv3pt5/196/
[152/483] (31%) Scraping sv3pt5/197...
Loading: https://www.pokemon.com/us/pokemon-tcg/pokemon-cards/series/sv3pt5/197/
[153/483] (32%) Scraping sv3pt5/203...
Loading: https://www.pokemon.com/us/pokemon-tcg/pokemon-cards/series/sv3pt5/203/
[154/483] (32%) Scraping sv3pt5/204...
Loading: https://www.pokemon.com/us/pokemon-tcg/pokemon-cards/series/sv3pt5/204/
[155/483] (32%) Scraping sv3pt5/206...
Loading: https://www.pokemon.com/us/pokemon-tcg/pokemon-cards/series/sv3pt5/206/
[156/483] (32%) Scraping sv04/235...
Loading: https://www.pokemon.com/us/pokemon-tcg/pokemon-cards/series/sv04/235/
[157/483] (33%) Scraping sv04/236...
Loading: https://www.pokemon.com/us/pokemon-tcg/pokemon-cards/series/sv04/236/
[158/483] (33%) Scraping sv04/237...
Loading: https://www.pokemon.com/us/pokemon-tcg/pokemon-cards/series/sv04/237/
[159/483] (33%) Scraping sv04/238...
Loading: https://www.pokemon.com/us/pokemon-tcg/pokemon-cards/series/sv04/238/
[160/483] (33%) Scraping sv04/239...
Loading: https://www.pokemon.com/us/pokemon-tcg/pokemon-cards/series/sv04/239/
[160/483] Progress saved | Success: 160, Failed: 0 | ETA: 42m 22s

[161/483] (33%) Scraping sv04/240...
Loading: https://www.pokemon.com/us/pokemon-tcg/pokemon-cards/series/sv04/240/
[162/483] (34%) Scraping sv04/241...
Loading: https://www.pokemon.com/us/pokemon-tcg/pokemon-cards/series/sv04/241/
[163/483] (34%) Scraping sv04/242...
Loading: https://www.pokemon.com/us/pokemon-tcg/pokemon-cards/series/sv04/242/
[164/483] (34%) Scraping sv04/243...
Loading: https://www.pokemon.com/us/pokemon-tcg/pokemon-cards/series/sv04/243/
[165/483] (34%) Scraping sv04/244...
Loading: https://www.pokemon.com/us/pokemon-tcg/pokemon-cards/series/sv04/244/
[166/483] (34%) Scraping sv04/254...
Loading: https://www.pokemon.com/us/pokemon-tcg/pokemon-cards/series/sv04/254/
[167/483] (35%) Scraping sv04/255...
Loading: https://www.pokemon.com/us/pokemon-tcg/pokemon-cards/series/sv04/255/
[168/483] (35%) Scraping sv04/256...
Loading: https://www.pokemon.com/us/pokemon-tcg/pokemon-cards/series/sv04/256/
[169/483] (35%) Scraping sv04/257...
Loading: https://www.pokemon.com/us/pokemon-tcg/pokemon-cards/series/sv04/257/
[170/483] (35%) Scraping sv04/258...
Loading: https://www.pokemon.com/us/pokemon-tcg/pokemon-cards/series/sv04/258/
[170/483] Progress saved | Success: 170, Failed: 0 | ETA: 41m 3s

[171/483] (35%) Scraping sv04/259...
Loading: https://www.pokemon.com/us/pokemon-tcg/pokemon-cards/series/sv04/259/
[172/483] (36%) Scraping sv04/263...
Loading: https://www.pokemon.com/us/pokemon-tcg/pokemon-cards/series/sv04/263/
[173/483] (36%) Scraping sv04/264...
Loading: https://www.pokemon.com/us/pokemon-tcg/pokemon-cards/series/sv04/264/
[174/483] (36%) Scraping sv04/265...
Loading: https://www.pokemon.com/us/pokemon-tcg/pokemon-cards/series/sv04/265/
[175/483] (36%) Scraping sv4pt5/76...
Loading: https://www.pokemon.com/us/pokemon-tcg/pokemon-cards/series/sv4pt5/76/
[176/483] (36%) Scraping sv4pt5/77...
Loading: https://www.pokemon.com/us/pokemon-tcg/pokemon-cards/series/sv4pt5/77/
[177/483] (37%) Scraping sv4pt5/78...
Loading: https://www.pokemon.com/us/pokemon-tcg/pokemon-cards/series/sv4pt5/78/
[178/483] (37%) Scraping sv4pt5/79...
Loading: https://www.pokemon.com/us/pokemon-tcg/pokemon-cards/series/sv4pt5/79/
[179/483] (37%) Scraping sv4pt5/80...
Loading: https://www.pokemon.com/us/pokemon-tcg/pokemon-cards/series/sv4pt5/80/
[180/483] (37%) Scraping sv4pt5/81...
Loading: https://www.pokemon.com/us/pokemon-tcg/pokemon-cards/series/sv4pt5/81/
[180/483] Progress saved | Success: 180, Failed: 0 | ETA: 40m 44s

[181/483] (37%) Scraping sv4pt5/82...
Loading: https://www.pokemon.com/us/pokemon-tcg/pokemon-cards/series/sv4pt5/82/
[182/483] (38%) Scraping sv4pt5/83...
Loading: https://www.pokemon.com/us/pokemon-tcg/pokemon-cards/series/sv4pt5/83/
[183/483] (38%) Scraping sv4pt5/84...
Loading: https://www.pokemon.com/us/pokemon-tcg/pokemon-cards/series/sv4pt5/84/
[184/483] (38%) Scraping sv4pt5/85...
Loading: https://www.pokemon.com/us/pokemon-tcg/pokemon-cards/series/sv4pt5/85/
[185/483] (38%) Scraping sv4pt5/86...
Loading: https://www.pokemon.com/us/pokemon-tcg/pokemon-cards/series/sv4pt5/86/
[186/483] (39%) Scraping sv4pt5/87...
Loading: https://www.pokemon.com/us/pokemon-tcg/pokemon-cards/series/sv4pt5/87/
[187/483] (39%) Scraping sv4pt5/88...
Loading: https://www.pokemon.com/us/pokemon-tcg/pokemon-cards/series/sv4pt5/88/
[188/483] (39%) Scraping sv4pt5/89...
Loading: https://www.pokemon.com/us/pokemon-tcg/pokemon-cards/series/sv4pt5/89/
[189/483] (39%) Scraping sv4pt5/90...
Loading: https://www.pokemon.com/us/pokemon-tcg/pokemon-cards/series/sv4pt5/90/
[190/483] (39%) Scraping sv4pt5/91...
Loading: https://www.pokemon.com/us/pokemon-tcg/pokemon-cards/series/sv4pt5/91/
[190/483] Progress saved | Success: 190, Failed: 0 | ETA: 38m 25s

[191/483] (40%) Scraping sv4pt5/227...
Loading: https://www.pokemon.com/us/pokemon-tcg/pokemon-cards/series/sv4pt5/227/
[192/483] (40%) Scraping sv4pt5/228...
Loading: https://www.pokemon.com/us/pokemon-tcg/pokemon-cards/series/sv4pt5/228/
[193/483] (40%) Scraping sv4pt5/229...
Loading: https://www.pokemon.com/us/pokemon-tcg/pokemon-cards/series/sv4pt5/229/
[194/483] (40%) Scraping sv4pt5/230...
Loading: https://www.pokemon.com/us/pokemon-tcg/pokemon-cards/series/sv4pt5/230/
[195/483] (40%) Scraping sv4pt5/231...
Loading: https://www.pokemon.com/us/pokemon-tcg/pokemon-cards/series/sv4pt5/231/
[196/483] (41%) Scraping sv4pt5/235...
Loading: https://www.pokemon.com/us/pokemon-tcg/pokemon-cards/series/sv4pt5/235/
[197/483] (41%) Scraping sv4pt5/236...
Loading: https://www.pokemon.com/us/pokemon-tcg/pokemon-cards/series/sv4pt5/236/
[198/483] (41%) Scraping sv4pt5/237...
Loading: https://www.pokemon.com/us/pokemon-tcg/pokemon-cards/series/sv4pt5/237/
[199/483] (41%) Scraping sv4pt5/238...
Loading: https://www.pokemon.com/us/pokemon-tcg/pokemon-cards/series/sv4pt5/238/
[200/483] (41%) Scraping sv4pt5/239...
Loading: https://www.pokemon.com/us/pokemon-tcg/pokemon-cards/series/sv4pt5/239/
[200/483] Progress saved | Success: 200, Failed: 0 | ETA: 37m 6s

[201/483] (42%) Scraping sv05/140...
Loading: https://www.pokemon.com/us/pokemon-tcg/pokemon-cards/series/sv05/140/
[202/483] (42%) Scraping sv05/141...
Loading: https://www.pokemon.com/us/pokemon-tcg/pokemon-cards/series/sv05/141/
[203/483] (42%) Scraping sv05/142...
Loading: https://www.pokemon.com/us/pokemon-tcg/pokemon-cards/series/sv05/142/
[204/483] (42%) Scraping sv05/143...
Loading: https://www.pokemon.com/us/pokemon-tcg/pokemon-cards/series/sv05/143/
[205/483] (42%) Scraping sv05/144...
Loading: https://www.pokemon.com/us/pokemon-tcg/pokemon-cards/series/sv05/144/
[206/483] (43%) Scraping sv05/145...
Loading: https://www.pokemon.com/us/pokemon-tcg/pokemon-cards/series/sv05/145/
[207/483] (43%) Scraping sv05/146...
Loading: https://www.pokemon.com/us/pokemon-tcg/pokemon-cards/series/sv05/146/
[208/483] (43%) Scraping sv05/147...
Loading: https://www.pokemon.com/us/pokemon-tcg/pokemon-cards/series/sv05/147/
[209/483] (43%) Scraping sv05/148...
Loading: https://www.pokemon.com/us/pokemon-tcg/pokemon-cards/series/sv05/148/
[210/483] (43%) Scraping sv05/149...
Loading: https://www.pokemon.com/us/pokemon-tcg/pokemon-cards/series/sv05/149/
[210/483] Progress saved | Success: 210, Failed: 0 | ETA: 36m 46s

[211/483] (44%) Scraping sv05/150...
Loading: https://www.pokemon.com/us/pokemon-tcg/pokemon-cards/series/sv05/150/
[212/483] (44%) Scraping sv05/151...
Loading: https://www.pokemon.com/us/pokemon-tcg/pokemon-cards/series/sv05/151/
[213/483] (44%) Scraping sv05/152...
Loading: https://www.pokemon.com/us/pokemon-tcg/pokemon-cards/series/sv05/152/
[214/483] (44%) Scraping sv05/153...
Loading: https://www.pokemon.com/us/pokemon-tcg/pokemon-cards/series/sv05/153/
[215/483] (45%) Scraping sv05/154...
Loading: https://www.pokemon.com/us/pokemon-tcg/pokemon-cards/series/sv05/154/
[216/483] (45%) Scraping sv05/155...
Loading: https://www.pokemon.com/us/pokemon-tcg/pokemon-cards/series/sv05/155/
[217/483] (45%) Scraping sv05/156...
Loading: https://www.pokemon.com/us/pokemon-tcg/pokemon-cards/series/sv05/156/
[218/483] (45%) Scraping sv05/157...
Loading: https://www.pokemon.com/us/pokemon-tcg/pokemon-cards/series/sv05/157/
[219/483] (45%) Scraping sv05/158...
Loading: https://www.pokemon.com/us/pokemon-tcg/pokemon-cards/series/sv05/158/
[220/483] (46%) Scraping sv05/159...
Loading: https://www.pokemon.com/us/pokemon-tcg/pokemon-cards/series/sv05/159/
[220/483] Progress saved | Success: 220, Failed: 0 | ETA: 34m 28s

[221/483] (46%) Scraping sv05/160...
Loading: https://www.pokemon.com/us/pokemon-tcg/pokemon-cards/series/sv05/160/
[222/483] (46%) Scraping sv05/197...
Loading: https://www.pokemon.com/us/pokemon-tcg/pokemon-cards/series/sv05/197/
[223/483] (46%) Scraping sv05/198...
Loading: https://www.pokemon.com/us/pokemon-tcg/pokemon-cards/series/sv05/198/
[224/483] (46%) Scraping sv05/199...
Loading: https://www.pokemon.com/us/pokemon-tcg/pokemon-cards/series/sv05/199/
[225/483] (47%) Scraping sv05/200...
Loading: https://www.pokemon.com/us/pokemon-tcg/pokemon-cards/series/sv05/200/
[226/483] (47%) Scraping sv05/201...
Loading: https://www.pokemon.com/us/pokemon-tcg/pokemon-cards/series/sv05/201/
[227/483] (47%) Scraping sv05/202...
Loading: https://www.pokemon.com/us/pokemon-tcg/pokemon-cards/series/sv05/202/
[228/483] (47%) Scraping sv05/209...
Loading: https://www.pokemon.com/us/pokemon-tcg/pokemon-cards/series/sv05/209/
[229/483] (47%) Scraping sv05/210...
Loading: https://www.pokemon.com/us/pokemon-tcg/pokemon-cards/series/sv05/210/
[230/483] (48%) Scraping sv05/211...
Loading: https://www.pokemon.com/us/pokemon-tcg/pokemon-cards/series/sv05/211/
[230/483] Progress saved | Success: 230, Failed: 0 | ETA: 33m 9s

[231/483] (48%) Scraping sv05/212...
Loading: https://www.pokemon.com/us/pokemon-tcg/pokemon-cards/series/sv05/212/
[232/483] (48%) Scraping sv06/142...
Loading: https://www.pokemon.com/us/pokemon-tcg/pokemon-cards/series/sv06/142/
[233/483] (48%) Scraping sv06/143...
Loading: https://www.pokemon.com/us/pokemon-tcg/pokemon-cards/series/sv06/143/
[234/483] (48%) Scraping sv06/144...
Loading: https://www.pokemon.com/us/pokemon-tcg/pokemon-cards/series/sv06/144/
[235/483] (49%) Scraping sv06/145...
Loading: https://www.pokemon.com/us/pokemon-tcg/pokemon-cards/series/sv06/145/
[236/483] (49%) Scraping sv06/146...
Loading: https://www.pokemon.com/us/pokemon-tcg/pokemon-cards/series/sv06/146/
[237/483] (49%) Scraping sv06/147...
Loading: https://www.pokemon.com/us/pokemon-tcg/pokemon-cards/series/sv06/147/
[238/483] (49%) Scraping sv06/148...
Loading: https://www.pokemon.com/us/pokemon-tcg/pokemon-cards/series/sv06/148/
[239/483] (49%) Scraping sv06/149...
Loading: https://www.pokemon.com/us/pokemon-tcg/pokemon-cards/series/sv06/149/
[240/483] (50%) Scraping sv06/150...
Loading: https://www.pokemon.com/us/pokemon-tcg/pokemon-cards/series/sv06/150/
[240/483] Progress saved | Success: 240, Failed: 0 | ETA: 32m 51s

[241/483] (50%) Scraping sv06/151...
Loading: https://www.pokemon.com/us/pokemon-tcg/pokemon-cards/series/sv06/151/
[242/483] (50%) Scraping sv06/152...
Loading: https://www.pokemon.com/us/pokemon-tcg/pokemon-cards/series/sv06/152/
[243/483] (50%) Scraping sv06/153...
Loading: https://www.pokemon.com/us/pokemon-tcg/pokemon-cards/series/sv06/153/
[244/483] (51%) Scraping sv06/154...
Loading: https://www.pokemon.com/us/pokemon-tcg/pokemon-cards/series/sv06/154/
[245/483] (51%) Scraping sv06/155...
Loading: https://www.pokemon.com/us/pokemon-tcg/pokemon-cards/series/sv06/155/
[246/483] (51%) Scraping sv06/156...
Loading: https://www.pokemon.com/us/pokemon-tcg/pokemon-cards/series/sv06/156/
[247/483] (51%) Scraping sv06/157...
Loading: https://www.pokemon.com/us/pokemon-tcg/pokemon-cards/series/sv06/157/
[248/483] (51%) Scraping sv06/158...
Loading: https://www.pokemon.com/us/pokemon-tcg/pokemon-cards/series/sv06/158/
[249/483] (52%) Scraping sv06/159...
Loading: https://www.pokemon.com/us/pokemon-tcg/pokemon-cards/series/sv06/159/
[250/483] (52%) Scraping sv06/160...
Loading: https://www.pokemon.com/us/pokemon-tcg/pokemon-cards/series/sv06/160/
[250/483] Progress saved | Success: 250, Failed: 0 | ETA: 31m 31s

[251/483] (52%) Scraping sv06/161...
Loading: https://www.pokemon.com/us/pokemon-tcg/pokemon-cards/series/sv06/161/
[252/483] (52%) Scraping sv06/162...
Loading: https://www.pokemon.com/us/pokemon-tcg/pokemon-cards/series/sv06/162/
[253/483] (52%) Scraping sv06/163...
Loading: https://www.pokemon.com/us/pokemon-tcg/pokemon-cards/series/sv06/163/
[254/483] (53%) Scraping sv06/164...
Loading: https://www.pokemon.com/us/pokemon-tcg/pokemon-cards/series/sv06/164/
[255/483] (53%) Scraping sv06/165...
Loading: https://www.pokemon.com/us/pokemon-tcg/pokemon-cards/series/sv06/165/
[256/483] (53%) Scraping sv06/203...
Loading: https://www.pokemon.com/us/pokemon-tcg/pokemon-cards/series/sv06/203/
[257/483] (53%) Scraping sv06/204...
Loading: https://www.pokemon.com/us/pokemon-tcg/pokemon-cards/series/sv06/204/
[258/483] (53%) Scraping sv06/205...
Loading: https://www.pokemon.com/us/pokemon-tcg/pokemon-cards/series/sv06/205/
[259/483] (54%) Scraping sv06/206...
Loading: https://www.pokemon.com/us/pokemon-tcg/pokemon-cards/series/sv06/206/
[260/483] (54%) Scraping sv06/207...
Loading: https://www.pokemon.com/us/pokemon-tcg/pokemon-cards/series/sv06/207/
[260/483] Progress saved | Success: 260, Failed: 0 | ETA: 29m 13s

[261/483] (54%) Scraping sv06/208...
Loading: https://www.pokemon.com/us/pokemon-tcg/pokemon-cards/series/sv06/208/
[262/483] (54%) Scraping sv06/209...
Loading: https://www.pokemon.com/us/pokemon-tcg/pokemon-cards/series/sv06/209/
[263/483] (54%) Scraping sv06/217...
Loading: https://www.pokemon.com/us/pokemon-tcg/pokemon-cards/series/sv06/217/
[264/483] (55%) Scraping sv06/218...
Loading: https://www.pokemon.com/us/pokemon-tcg/pokemon-cards/series/sv06/218/
[265/483] (55%) Scraping sv06/219...
Loading: https://www.pokemon.com/us/pokemon-tcg/pokemon-cards/series/sv06/219/
[266/483] (55%) Scraping sv06/220...
Loading: https://www.pokemon.com/us/pokemon-tcg/pokemon-cards/series/sv06/220/
[267/483] (55%) Scraping sv06/223...
Loading: https://www.pokemon.com/us/pokemon-tcg/pokemon-cards/series/sv06/223/
[268/483] (55%) Scraping sv06/224...
Loading: https://www.pokemon.com/us/pokemon-tcg/pokemon-cards/series/sv06/224/
[269/483] (56%) Scraping sv06/225...
Loading: https://www.pokemon.com/us/pokemon-tcg/pokemon-cards/series/sv06/225/
[270/483] (56%) Scraping sv6pt5/54...
Loading: https://www.pokemon.com/us/pokemon-tcg/pokemon-cards/series/sv6pt5/54/
[270/483] Progress saved | Success: 270, Failed: 0 | ETA: 28m 54s

[271/483] (56%) Scraping sv6pt5/55...
Loading: https://www.pokemon.com/us/pokemon-tcg/pokemon-cards/series/sv6pt5/55/
[272/483] (56%) Scraping sv6pt5/56...
Loading: https://www.pokemon.com/us/pokemon-tcg/pokemon-cards/series/sv6pt5/56/
[273/483] (57%) Scraping sv6pt5/57...
Loading: https://www.pokemon.com/us/pokemon-tcg/pokemon-cards/series/sv6pt5/57/
[274/483] (57%) Scraping sv6pt5/58...
Loading: https://www.pokemon.com/us/pokemon-tcg/pokemon-cards/series/sv6pt5/58/
[275/483] (57%) Scraping sv6pt5/59...
Loading: https://www.pokemon.com/us/pokemon-tcg/pokemon-cards/series/sv6pt5/59/
[276/483] (57%) Scraping sv6pt5/60...
Loading: https://www.pokemon.com/us/pokemon-tcg/pokemon-cards/series/sv6pt5/60/
[277/483] (57%) Scraping sv6pt5/61...
Loading: https://www.pokemon.com/us/pokemon-tcg/pokemon-cards/series/sv6pt5/61/
[278/483] (58%) Scraping sv6pt5/62...
Loading: https://www.pokemon.com/us/pokemon-tcg/pokemon-cards/series/sv6pt5/62/
[279/483] (58%) Scraping sv6pt5/63...
Loading: https://www.pokemon.com/us/pokemon-tcg/pokemon-cards/series/sv6pt5/63/
[280/483] (58%) Scraping sv6pt5/64...
Loading: https://www.pokemon.com/us/pokemon-tcg/pokemon-cards/series/sv6pt5/64/
[280/483] Progress saved | Success: 280, Failed: 0 | ETA: 27m 35s

[281/483] (58%) Scraping sv6pt5/86...
Loading: https://www.pokemon.com/us/pokemon-tcg/pokemon-cards/series/sv6pt5/86/
[282/483] (58%) Scraping sv6pt5/87...
Loading: https://www.pokemon.com/us/pokemon-tcg/pokemon-cards/series/sv6pt5/87/
[283/483] (59%) Scraping sv6pt5/88...
Loading: https://www.pokemon.com/us/pokemon-tcg/pokemon-cards/series/sv6pt5/88/
[284/483] (59%) Scraping sv6pt5/89...
Loading: https://www.pokemon.com/us/pokemon-tcg/pokemon-cards/series/sv6pt5/89/
[285/483] (59%) Scraping sv6pt5/94...
Loading: https://www.pokemon.com/us/pokemon-tcg/pokemon-cards/series/sv6pt5/94/
[286/483] (59%) Scraping sv6pt5/96...
Loading: https://www.pokemon.com/us/pokemon-tcg/pokemon-cards/series/sv6pt5/96/
[287/483] (59%) Scraping sv6pt5/97...
Loading: https://www.pokemon.com/us/pokemon-tcg/pokemon-cards/series/sv6pt5/97/
[288/483] (60%) Scraping sv07/129...
Loading: https://www.pokemon.com/us/pokemon-tcg/pokemon-cards/series/sv07/129/
[289/483] (60%) Scraping sv07/130...
Loading: https://www.pokemon.com/us/pokemon-tcg/pokemon-cards/series/sv07/130/
[290/483] (60%) Scraping sv07/131...
Loading: https://www.pokemon.com/us/pokemon-tcg/pokemon-cards/series/sv07/131/
[290/483] Progress saved | Success: 290, Failed: 0 | ETA: 25m 17s

[291/483] (60%) Scraping sv07/132...
Loading: https://www.pokemon.com/us/pokemon-tcg/pokemon-cards/series/sv07/132/
[292/483] (60%) Scraping sv07/133...
Loading: https://www.pokemon.com/us/pokemon-tcg/pokemon-cards/series/sv07/133/
[293/483] (61%) Scraping sv07/134...
Loading: https://www.pokemon.com/us/pokemon-tcg/pokemon-cards/series/sv07/134/
[294/483] (61%) Scraping sv07/135...
Loading: https://www.pokemon.com/us/pokemon-tcg/pokemon-cards/series/sv07/135/
[295/483] (61%) Scraping sv07/136...
Loading: https://www.pokemon.com/us/pokemon-tcg/pokemon-cards/series/sv07/136/
[296/483] (61%) Scraping sv07/137...
Loading: https://www.pokemon.com/us/pokemon-tcg/pokemon-cards/series/sv07/137/
[297/483] (61%) Scraping sv07/138...
Loading: https://www.pokemon.com/us/pokemon-tcg/pokemon-cards/series/sv07/138/
[298/483] (62%) Scraping sv07/139...
Loading: https://www.pokemon.com/us/pokemon-tcg/pokemon-cards/series/sv07/139/
[299/483] (62%) Scraping sv07/140...
Loading: https://www.pokemon.com/us/pokemon-tcg/pokemon-cards/series/sv07/140/
[300/483] (62%) Scraping sv07/141...
Loading: https://www.pokemon.com/us/pokemon-tcg/pokemon-cards/series/sv07/141/
[300/483] Progress saved | Success: 300, Failed: 0 | ETA: 24m 58s

[301/483] (62%) Scraping sv07/142...
Loading: https://www.pokemon.com/us/pokemon-tcg/pokemon-cards/series/sv07/142/
[302/483] (63%) Scraping sv07/163...
Loading: https://www.pokemon.com/us/pokemon-tcg/pokemon-cards/series/sv07/163/
[303/483] (63%) Scraping sv07/164...
Loading: https://www.pokemon.com/us/pokemon-tcg/pokemon-cards/series/sv07/164/
[304/483] (63%) Scraping sv07/165...
Loading: https://www.pokemon.com/us/pokemon-tcg/pokemon-cards/series/sv07/165/
[305/483] (63%) Scraping sv07/166...
Loading: https://www.pokemon.com/us/pokemon-tcg/pokemon-cards/series/sv07/166/
[306/483] (63%) Scraping sv07/171...
Loading: https://www.pokemon.com/us/pokemon-tcg/pokemon-cards/series/sv07/171/
[307/483] (64%) Scraping sv07/172...
Loading: https://www.pokemon.com/us/pokemon-tcg/pokemon-cards/series/sv07/172/
[308/483] (64%) Scraping sv07/174...
Loading: https://www.pokemon.com/us/pokemon-tcg/pokemon-cards/series/sv07/174/
[309/483] (64%) Scraping sv07/175...
Loading: https://www.pokemon.com/us/pokemon-tcg/pokemon-cards/series/sv07/175/
[310/483] (64%) Scraping sv08/162...
Loading: https://www.pokemon.com/us/pokemon-tcg/pokemon-cards/series/sv08/162/
[310/483] Progress saved | Success: 310, Failed: 0 | ETA: 23m 39s

[311/483] (64%) Scraping sv08/163...
Loading: https://www.pokemon.com/us/pokemon-tcg/pokemon-cards/series/sv08/163/
[312/483] (65%) Scraping sv08/164...
Loading: https://www.pokemon.com/us/pokemon-tcg/pokemon-cards/series/sv08/164/
[313/483] (65%) Scraping sv08/165...
Loading: https://www.pokemon.com/us/pokemon-tcg/pokemon-cards/series/sv08/165/
[314/483] (65%) Scraping sv08/166...
Loading: https://www.pokemon.com/us/pokemon-tcg/pokemon-cards/series/sv08/166/
[315/483] (65%) Scraping sv08/167...
Loading: https://www.pokemon.com/us/pokemon-tcg/pokemon-cards/series/sv08/167/
[316/483] (65%) Scraping sv08/168...
Loading: https://www.pokemon.com/us/pokemon-tcg/pokemon-cards/series/sv08/168/
[317/483] (66%) Scraping sv08/169...
Loading: https://www.pokemon.com/us/pokemon-tcg/pokemon-cards/series/sv08/169/
[318/483] (66%) Scraping sv08/170...
Loading: https://www.pokemon.com/us/pokemon-tcg/pokemon-cards/series/sv08/170/
[319/483] (66%) Scraping sv08/171...
Loading: https://www.pokemon.com/us/pokemon-tcg/pokemon-cards/series/sv08/171/
[320/483] (66%) Scraping sv08/172...
Loading: https://www.pokemon.com/us/pokemon-tcg/pokemon-cards/series/sv08/172/
[320/483] Progress saved | Success: 320, Failed: 0 | ETA: 21m 21s

[321/483] (66%) Scraping sv08/173...
Loading: https://www.pokemon.com/us/pokemon-tcg/pokemon-cards/series/sv08/173/
[322/483] (67%) Scraping sv08/174...
Loading: https://www.pokemon.com/us/pokemon-tcg/pokemon-cards/series/sv08/174/
[323/483] (67%) Scraping sv08/175...
Loading: https://www.pokemon.com/us/pokemon-tcg/pokemon-cards/series/sv08/175/
[324/483] (67%) Scraping sv08/176...
Loading: https://www.pokemon.com/us/pokemon-tcg/pokemon-cards/series/sv08/176/
[325/483] (67%) Scraping sv08/177...
Loading: https://www.pokemon.com/us/pokemon-tcg/pokemon-cards/series/sv08/177/
[326/483] (67%) Scraping sv08/178...
Loading: https://www.pokemon.com/us/pokemon-tcg/pokemon-cards/series/sv08/178/
[327/483] (68%) Scraping sv08/179...
Loading: https://www.pokemon.com/us/pokemon-tcg/pokemon-cards/series/sv08/179/
[328/483] (68%) Scraping sv08/180...
Loading: https://www.pokemon.com/us/pokemon-tcg/pokemon-cards/series/sv08/180/
[329/483] (68%) Scraping sv08/181...
Loading: https://www.pokemon.com/us/pokemon-tcg/pokemon-cards/series/sv08/181/
[330/483] (68%) Scraping sv08/182...
Loading: https://www.pokemon.com/us/pokemon-tcg/pokemon-cards/series/sv08/182/
[330/483] Progress saved | Success: 330, Failed: 0 | ETA: 20m 3s

[331/483] (69%) Scraping sv08/183...
Loading: https://www.pokemon.com/us/pokemon-tcg/pokemon-cards/series/sv08/183/
[332/483] (69%) Scraping sv08/184...
Loading: https://www.pokemon.com/us/pokemon-tcg/pokemon-cards/series/sv08/184/
[333/483] (69%) Scraping sv08/185...
Loading: https://www.pokemon.com/us/pokemon-tcg/pokemon-cards/series/sv08/185/
[334/483] (69%) Scraping sv08/186...
Loading: https://www.pokemon.com/us/pokemon-tcg/pokemon-cards/series/sv08/186/
[335/483] (69%) Scraping sv08/187...
Loading: https://www.pokemon.com/us/pokemon-tcg/pokemon-cards/series/sv08/187/
[336/483] (70%) Scraping sv08/188...
Loading: https://www.pokemon.com/us/pokemon-tcg/pokemon-cards/series/sv08/188/
[337/483] (70%) Scraping sv08/189...
Loading: https://www.pokemon.com/us/pokemon-tcg/pokemon-cards/series/sv08/189/
[338/483] (70%) Scraping sv08/190...
Loading: https://www.pokemon.com/us/pokemon-tcg/pokemon-cards/series/sv08/190/
[339/483] (70%) Scraping sv08/229...
Loading: https://www.pokemon.com/us/pokemon-tcg/pokemon-cards/series/sv08/229/
[340/483] (70%) Scraping sv08/230...
Loading: https://www.pokemon.com/us/pokemon-tcg/pokemon-cards/series/sv08/230/
[340/483] Progress saved | Success: 340, Failed: 0 | ETA: 19m 44s

[341/483] (71%) Scraping sv08/231...
Loading: https://www.pokemon.com/us/pokemon-tcg/pokemon-cards/series/sv08/231/
[342/483] (71%) Scraping sv08/232...
Loading: https://www.pokemon.com/us/pokemon-tcg/pokemon-cards/series/sv08/232/
[343/483] (71%) Scraping sv08/233...
Loading: https://www.pokemon.com/us/pokemon-tcg/pokemon-cards/series/sv08/233/
[344/483] (71%) Scraping sv08/234...
Loading: https://www.pokemon.com/us/pokemon-tcg/pokemon-cards/series/sv08/234/
[345/483] (71%) Scraping sv08/235...
Loading: https://www.pokemon.com/us/pokemon-tcg/pokemon-cards/series/sv08/235/
[346/483] (72%) Scraping sv08/243...
Loading: https://www.pokemon.com/us/pokemon-tcg/pokemon-cards/series/sv08/243/
[347/483] (72%) Scraping sv08/244...
Loading: https://www.pokemon.com/us/pokemon-tcg/pokemon-cards/series/sv08/244/
[348/483] (72%) Scraping sv08/245...
Loading: https://www.pokemon.com/us/pokemon-tcg/pokemon-cards/series/sv08/245/
[349/483] (72%) Scraping sv08/246...
Loading: https://www.pokemon.com/us/pokemon-tcg/pokemon-cards/series/sv08/246/
[350/483] (72%) Scraping sv08/249...
Loading: https://www.pokemon.com/us/pokemon-tcg/pokemon-cards/series/sv08/249/
[350/483] Progress saved | Success: 350, Failed: 0 | ETA: 17m 26s

[351/483] (73%) Scraping sv08/250...
Loading: https://www.pokemon.com/us/pokemon-tcg/pokemon-cards/series/sv08/250/
[352/483] (73%) Scraping sv08/251...
Loading: https://www.pokemon.com/us/pokemon-tcg/pokemon-cards/series/sv08/251/
[353/483] (73%) Scraping sv8pt5/93...
Loading: https://www.pokemon.com/us/pokemon-tcg/pokemon-cards/series/sv8pt5/93/
[354/483] (73%) Scraping sv8pt5/94...
Loading: https://www.pokemon.com/us/pokemon-tcg/pokemon-cards/series/sv8pt5/94/
[355/483] (73%) Scraping sv8pt5/95...
Loading: https://www.pokemon.com/us/pokemon-tcg/pokemon-cards/series/sv8pt5/95/
[356/483] (74%) Scraping sv8pt5/96...
Loading: https://www.pokemon.com/us/pokemon-tcg/pokemon-cards/series/sv8pt5/96/
[357/483] (74%) Scraping sv8pt5/97...
Loading: https://www.pokemon.com/us/pokemon-tcg/pokemon-cards/series/sv8pt5/97/
[358/483] (74%) Scraping sv8pt5/98...
Loading: https://www.pokemon.com/us/pokemon-tcg/pokemon-cards/series/sv8pt5/98/
[359/483] (74%) Scraping sv8pt5/99...
Loading: https://www.pokemon.com/us/pokemon-tcg/pokemon-cards/series/sv8pt5/99/
[360/483] (75%) Scraping sv8pt5/100...
Loading: https://www.pokemon.com/us/pokemon-tcg/pokemon-cards/series/sv8pt5/100/
[360/483] Progress saved | Success: 360, Failed: 0 | ETA: 16m 7s

[361/483] (75%) Scraping sv8pt5/101...
Loading: https://www.pokemon.com/us/pokemon-tcg/pokemon-cards/series/sv8pt5/101/
[362/483] (75%) Scraping sv8pt5/102...
Loading: https://www.pokemon.com/us/pokemon-tcg/pokemon-cards/series/sv8pt5/102/
[363/483] (75%) Scraping sv8pt5/103...
Loading: https://www.pokemon.com/us/pokemon-tcg/pokemon-cards/series/sv8pt5/103/
[364/483] (75%) Scraping sv8pt5/104...
Loading: https://www.pokemon.com/us/pokemon-tcg/pokemon-cards/series/sv8pt5/104/
[365/483] (76%) Scraping sv8pt5/105...
Loading: https://www.pokemon.com/us/pokemon-tcg/pokemon-cards/series/sv8pt5/105/
[366/483] (76%) Scraping sv8pt5/106...
Loading: https://www.pokemon.com/us/pokemon-tcg/pokemon-cards/series/sv8pt5/106/
[367/483] (76%) Scraping sv8pt5/107...
Loading: https://www.pokemon.com/us/pokemon-tcg/pokemon-cards/series/sv8pt5/107/
[368/483] (76%) Scraping sv8pt5/108...
Loading: https://www.pokemon.com/us/pokemon-tcg/pokemon-cards/series/sv8pt5/108/
[369/483] (76%) Scraping sv8pt5/109...
Loading: https://www.pokemon.com/us/pokemon-tcg/pokemon-cards/series/sv8pt5/109/
[370/483] (77%) Scraping sv8pt5/110...
Loading: https://www.pokemon.com/us/pokemon-tcg/pokemon-cards/series/sv8pt5/110/
[370/483] Progress saved | Success: 370, Failed: 0 | ETA: 15m 48s

[371/483] (77%) Scraping sv8pt5/111...
Loading: https://www.pokemon.com/us/pokemon-tcg/pokemon-cards/series/sv8pt5/111/
[372/483] (77%) Scraping sv8pt5/112...
Loading: https://www.pokemon.com/us/pokemon-tcg/pokemon-cards/series/sv8pt5/112/
[373/483] (77%) Scraping sv8pt5/113...
Loading: https://www.pokemon.com/us/pokemon-tcg/pokemon-cards/series/sv8pt5/113/
[374/483] (77%) Scraping sv8pt5/114...
Loading: https://www.pokemon.com/us/pokemon-tcg/pokemon-cards/series/sv8pt5/114/
[375/483] (78%) Scraping sv8pt5/115...
Loading: https://www.pokemon.com/us/pokemon-tcg/pokemon-cards/series/sv8pt5/115/
[375/483] ✗ Failed: Bot detection triggered despite using browser.
[376/483] (78%) Scraping sv8pt5/116...
Loading: https://www.pokemon.com/us/pokemon-tcg/pokemon-cards/series/sv8pt5/116/
[376/483] ✗ Failed: Bot detection triggered despite using browser.
[377/483] (78%) Scraping sv8pt5/117...
Loading: https://www.pokemon.com/us/pokemon-tcg/pokemon-cards/series/sv8pt5/117/
[377/483] ✗ Failed: Bot detection triggered despite using browser.
[378/483] (78%) Scraping sv8pt5/118...
Loading: https://www.pokemon.com/us/pokemon-tcg/pokemon-cards/series/sv8pt5/118/
[378/483] ✗ Failed: Bot detection triggered despite using browser.
[379/483] (78%) Scraping sv8pt5/119...
Loading: https://www.pokemon.com/us/pokemon-tcg/pokemon-cards/series/sv8pt5/119/
[379/483] ✗ Failed: Bot detection triggered despite using browser.
[380/483] (79%) Scraping sv8pt5/120...
Loading: https://www.pokemon.com/us/pokemon-tcg/pokemon-cards/series/sv8pt5/120/
[380/483] ✗ Failed: Bot detection triggered despite using browser.
[380/483] Progress saved | Success: 374, Failed: 6 | ETA: 13m 27s

[381/483] (79%) Scraping sv8pt5/121...
Loading: https://www.pokemon.com/us/pokemon-tcg/pokemon-cards/series/sv8pt5/121/
[381/483] ✗ Failed: Bot detection triggered despite using browser.
[382/483] (79%) Scraping sv8pt5/122...
Loading: https://www.pokemon.com/us/pokemon-tcg/pokemon-cards/series/sv8pt5/122/
[382/483] ✗ Failed: Bot detection triggered despite using browser.
[383/483] (79%) Scraping sv8pt5/123...
Loading: https://www.pokemon.com/us/pokemon-tcg/pokemon-cards/series/sv8pt5/123/
[383/483] ✗ Failed: Bot detection triggered despite using browser.
[384/483] (80%) Scraping sv8pt5/124...
Loading: https://www.pokemon.com/us/pokemon-tcg/pokemon-cards/series/sv8pt5/124/
[384/483] ✗ Failed: Bot detection triggered despite using browser.
[385/483] (80%) Scraping sv8pt5/125...
Loading: https://www.pokemon.com/us/pokemon-tcg/pokemon-cards/series/sv8pt5/125/
[385/483] ✗ Failed: Bot detection triggered despite using browser.
[386/483] (80%) Scraping sv8pt5/126...
Loading: https://www.pokemon.com/us/pokemon-tcg/pokemon-cards/series/sv8pt5/126/
[386/483] ✗ Failed: Bot detection triggered despite using browser.
[387/483] (80%) Scraping sv8pt5/127...
Loading: https://www.pokemon.com/us/pokemon-tcg/pokemon-cards/series/sv8pt5/127/
[387/483] ✗ Failed: Bot detection triggered despite using browser.
[388/483] (80%) Scraping sv8pt5/128...
Loading: https://www.pokemon.com/us/pokemon-tcg/pokemon-cards/series/sv8pt5/128/
[388/483] ✗ Failed: Bot detection triggered despite using browser.
[389/483] (81%) Scraping sv8pt5/129...
Loading: https://www.pokemon.com/us/pokemon-tcg/pokemon-cards/series/sv8pt5/129/
[389/483] ✗ Failed: Bot detection triggered despite using browser.
[390/483] (81%) Scraping sv8pt5/130...
Loading: https://www.pokemon.com/us/pokemon-tcg/pokemon-cards/series/sv8pt5/130/
[390/483] ✗ Failed: Bot detection triggered despite using browser.
[390/483] Progress saved | Success: 374, Failed: 16 | ETA: 12m 5s

[391/483] (81%) Scraping sv8pt5/131...
Loading: https://www.pokemon.com/us/pokemon-tcg/pokemon-cards/series/sv8pt5/131/
[391/483] ✗ Failed: Bot detection triggered despite using browser.
[392/483] (81%) Scraping sv8pt5/132...
Loading: https://www.pokemon.com/us/pokemon-tcg/pokemon-cards/series/sv8pt5/132/
[392/483] ✗ Failed: Bot detection triggered despite using browser.
[393/483] (81%) Scraping sv8pt5/133...
Loading: https://www.pokemon.com/us/pokemon-tcg/pokemon-cards/series/sv8pt5/133/
[393/483] ✗ Failed: Bot detection triggered despite using browser.
[394/483] (82%) Scraping sv8pt5/134...
Loading: https://www.pokemon.com/us/pokemon-tcg/pokemon-cards/series/sv8pt5/134/
[394/483] ✗ Failed: Bot detection triggered despite using browser.
[395/483] (82%) Scraping sv8pt5/135...
Loading: https://www.pokemon.com/us/pokemon-tcg/pokemon-cards/series/sv8pt5/135/
[395/483] ✗ Failed: Bot detection triggered despite using browser.
[396/483] (82%) Scraping sv8pt5/136...
Loading: https://www.pokemon.com/us/pokemon-tcg/pokemon-cards/series/sv8pt5/136/
[396/483] ✗ Failed: Bot detection triggered despite using browser.
[397/483] (82%) Scraping sv8pt5/137...
Loading: https://www.pokemon.com/us/pokemon-tcg/pokemon-cards/series/sv8pt5/137/
[397/483] ✗ Failed: Bot detection triggered despite using browser.
[398/483] (82%) Scraping sv8pt5/138...
Loading: https://www.pokemon.com/us/pokemon-tcg/pokemon-cards/series/sv8pt5/138/
[398/483] ✗ Failed: Bot detection triggered despite using browser.
[399/483] (83%) Scraping sv8pt5/139...
Loading: https://www.pokemon.com/us/pokemon-tcg/pokemon-cards/series/sv8pt5/139/
[399/483] ✗ Failed: Bot detection triggered despite using browser.
[400/483] (83%) Scraping sv8pt5/140...
Loading: https://www.pokemon.com/us/pokemon-tcg/pokemon-cards/series/sv8pt5/140/
[400/483] ✗ Failed: Bot detection triggered despite using browser.
[400/483] Progress saved | Success: 374, Failed: 26 | ETA: 11m 44s

[401/483] (83%) Scraping sv8pt5/141...
Loading: https://www.pokemon.com/us/pokemon-tcg/pokemon-cards/series/sv8pt5/141/
[401/483] ✗ Failed: Bot detection triggered despite using browser.
[402/483] (83%) Scraping sv8pt5/142...
Loading: https://www.pokemon.com/us/pokemon-tcg/pokemon-cards/series/sv8pt5/142/
[402/483] ✗ Failed: Bot detection triggered despite using browser.
[403/483] (83%) Scraping sv8pt5/143...
Loading: https://www.pokemon.com/us/pokemon-tcg/pokemon-cards/series/sv8pt5/143/
[403/483] ✗ Failed: Bot detection triggered despite using browser.
[404/483] (84%) Scraping sv8pt5/170...
Loading: https://www.pokemon.com/us/pokemon-tcg/pokemon-cards/series/sv8pt5/170/
[404/483] ✗ Failed: Bot detection triggered despite using browser.
[405/483] (84%) Scraping sv8pt5/171...
Loading: https://www.pokemon.com/us/pokemon-tcg/pokemon-cards/series/sv8pt5/171/
[405/483] ✗ Failed: Bot detection triggered despite using browser.
[406/483] (84%) Scraping sv8pt5/172...
Loading: https://www.pokemon.com/us/pokemon-tcg/pokemon-cards/series/sv8pt5/172/
[406/483] ✗ Failed: Bot detection triggered despite using browser.
[407/483] (84%) Scraping sv8pt5/173...
Loading: https://www.pokemon.com/us/pokemon-tcg/pokemon-cards/series/sv8pt5/173/
[407/483] ✗ Failed: Bot detection triggered despite using browser.
[408/483] (84%) Scraping sv8pt5/174...
Loading: https://www.pokemon.com/us/pokemon-tcg/pokemon-cards/series/sv8pt5/174/
[408/483] ✗ Failed: Bot detection triggered despite using browser.
[409/483] (85%) Scraping sv8pt5/175...
Loading: https://www.pokemon.com/us/pokemon-tcg/pokemon-cards/series/sv8pt5/175/
[409/483] ✗ Failed: Bot detection triggered despite using browser.
[410/483] (85%) Scraping sv09/142...
Loading: https://www.pokemon.com/us/pokemon-tcg/pokemon-cards/series/sv09/142/
[410/483] ✗ Failed: Bot detection triggered despite using browser.
[410/483] Progress saved | Success: 374, Failed: 36 | ETA: 9m 24s

[411/483] (85%) Scraping sv09/143...
Loading: https://www.pokemon.com/us/pokemon-tcg/pokemon-cards/series/sv09/143/
[411/483] ✗ Failed: Bot detection triggered despite using browser.
[412/483] (85%) Scraping sv09/144...
Loading: https://www.pokemon.com/us/pokemon-tcg/pokemon-cards/series/sv09/144/
[412/483] ✗ Failed: Bot detection triggered despite using browser.
[413/483] (86%) Scraping sv09/145...
Loading: https://www.pokemon.com/us/pokemon-tcg/pokemon-cards/series/sv09/145/
[413/483] ✗ Failed: Bot detection triggered despite using browser.
[414/483] (86%) Scraping sv09/146...
Loading: https://www.pokemon.com/us/pokemon-tcg/pokemon-cards/series/sv09/146/
[414/483] ✗ Failed: Bot detection triggered despite using browser.
[415/483] (86%) Scraping sv09/147...
Loading: https://www.pokemon.com/us/pokemon-tcg/pokemon-cards/series/sv09/147/
[415/483] ✗ Failed: Bot detection triggered despite using browser.
[416/483] (86%) Scraping sv09/148...
Loading: https://www.pokemon.com/us/pokemon-tcg/pokemon-cards/series/sv09/148/
[416/483] ✗ Failed: Bot detection triggered despite using browser.
[417/483] (86%) Scraping sv09/149...
Loading: https://www.pokemon.com/us/pokemon-tcg/pokemon-cards/series/sv09/149/
[417/483] ✗ Failed: Bot detection triggered despite using browser.
[418/483] (87%) Scraping sv09/150...
Loading: https://www.pokemon.com/us/pokemon-tcg/pokemon-cards/series/sv09/150/
[418/483] ✗ Failed: Bot detection triggered despite using browser.
[419/483] (87%) Scraping sv09/151...
Loading: https://www.pokemon.com/us/pokemon-tcg/pokemon-cards/series/sv09/151/
[419/483] ✗ Failed: Bot detection triggered despite using browser.
[420/483] (87%) Scraping sv09/152...
Loading: https://www.pokemon.com/us/pokemon-tcg/pokemon-cards/series/sv09/152/
[420/483] ✗ Failed: Bot detection triggered despite using browser.
[420/483] Progress saved | Success: 374, Failed: 46 | ETA: 8m 5s

[421/483] (87%) Scraping sv09/153...
Loading: https://www.pokemon.com/us/pokemon-tcg/pokemon-cards/series/sv09/153/
[421/483] ✗ Failed: Bot detection triggered despite using browser.
[422/483] (87%) Scraping sv09/154...
Loading: https://www.pokemon.com/us/pokemon-tcg/pokemon-cards/series/sv09/154/
[422/483] ✗ Failed: Bot detection triggered despite using browser.
[423/483] (88%) Scraping sv09/155...
Loading: https://www.pokemon.com/us/pokemon-tcg/pokemon-cards/series/sv09/155/
[423/483] ✗ Failed: Bot detection triggered despite using browser.
[424/483] (88%) Scraping sv09/156...
Loading: https://www.pokemon.com/us/pokemon-tcg/pokemon-cards/series/sv09/156/
[424/483] ✗ Failed: Bot detection triggered despite using browser.
[425/483] (88%) Scraping sv09/157...
Loading: https://www.pokemon.com/us/pokemon-tcg/pokemon-cards/series/sv09/157/
[425/483] ✗ Failed: Bot detection triggered despite using browser.
[426/483] (88%) Scraping sv09/158...
Loading: https://www.pokemon.com/us/pokemon-tcg/pokemon-cards/series/sv09/158/
[426/483] ✗ Failed: Bot detection triggered despite using browser.
[427/483] (88%) Scraping sv09/179...
Loading: https://www.pokemon.com/us/pokemon-tcg/pokemon-cards/series/sv09/179/
[427/483] ✗ Failed: Bot detection triggered despite using browser.
[428/483] (89%) Scraping sv09/180...
Loading: https://www.pokemon.com/us/pokemon-tcg/pokemon-cards/series/sv09/180/
[428/483] ✗ Failed: Bot detection triggered despite using browser.
[429/483] (89%) Scraping sv09/181...
Loading: https://www.pokemon.com/us/pokemon-tcg/pokemon-cards/series/sv09/181/
[429/483] ✗ Failed: Bot detection triggered despite using browser.
[430/483] (89%) Scraping sv10/161...
Loading: https://www.pokemon.com/us/pokemon-tcg/pokemon-cards/series/sv10/161/
[430/483] ✗ Failed: Bot detection triggered despite using browser.
[430/483] Progress saved | Success: 374, Failed: 56 | ETA: 7m 46s

[431/483] (89%) Scraping sv10/162...
Loading: https://www.pokemon.com/us/pokemon-tcg/pokemon-cards/series/sv10/162/
[431/483] ✗ Failed: Bot detection triggered despite using browser.
[432/483] (89%) Scraping sv10/163...
Loading: https://www.pokemon.com/us/pokemon-tcg/pokemon-cards/series/sv10/163/
[432/483] ✗ Failed: Bot detection triggered despite using browser.
[433/483] (90%) Scraping sv10/164...
Loading: https://www.pokemon.com/us/pokemon-tcg/pokemon-cards/series/sv10/164/
[433/483] ✗ Failed: Bot detection triggered despite using browser.
[434/483] (90%) Scraping sv10/165...
Loading: https://www.pokemon.com/us/pokemon-tcg/pokemon-cards/series/sv10/165/
[434/483] ✗ Failed: Bot detection triggered despite using browser.
[435/483] (90%) Scraping sv10/166...
Loading: https://www.pokemon.com/us/pokemon-tcg/pokemon-cards/series/sv10/166/
[435/483] ✗ Failed: Bot detection triggered despite using browser.
[436/483] (90%) Scraping sv10/167...
Loading: https://www.pokemon.com/us/pokemon-tcg/pokemon-cards/series/sv10/167/
[436/483] ✗ Failed: Bot detection triggered despite using browser.
[437/483] (90%) Scraping sv10/168...
Loading: https://www.pokemon.com/us/pokemon-tcg/pokemon-cards/series/sv10/168/
[437/483] ✗ Failed: Bot detection triggered despite using browser.
[438/483] (91%) Scraping sv10/169...
Loading: https://www.pokemon.com/us/pokemon-tcg/pokemon-cards/series/sv10/169/
[438/483] ✗ Failed: Bot detection triggered despite using browser.
[439/483] (91%) Scraping sv10/170...
Loading: https://www.pokemon.com/us/pokemon-tcg/pokemon-cards/series/sv10/170/
[439/483] ✗ Failed: Bot detection triggered despite using browser.
[440/483] (91%) Scraping sv10/171...
Loading: https://www.pokemon.com/us/pokemon-tcg/pokemon-cards/series/sv10/171/
[440/483] ✗ Failed: Bot detection triggered despite using browser.
[440/483] Progress saved | Success: 374, Failed: 66 | ETA: 5m 28s

[441/483] (91%) Scraping sv10/172...
Loading: https://www.pokemon.com/us/pokemon-tcg/pokemon-cards/series/sv10/172/
[441/483] ✗ Failed: Bot detection triggered despite using browser.
[442/483] (92%) Scraping sv10/173...
Loading: https://www.pokemon.com/us/pokemon-tcg/pokemon-cards/series/sv10/173/
[442/483] ✗ Failed: Bot detection triggered despite using browser.
[443/483] (92%) Scraping sv10/174...
Loading: https://www.pokemon.com/us/pokemon-tcg/pokemon-cards/series/sv10/174/
[443/483] ✗ Failed: Bot detection triggered despite using browser.
[444/483] (92%) Scraping sv10/175...
Loading: https://www.pokemon.com/us/pokemon-tcg/pokemon-cards/series/sv10/175/
[444/483] ✗ Failed: Bot detection triggered despite using browser.
[445/483] (92%) Scraping sv10/176...
Loading: https://www.pokemon.com/us/pokemon-tcg/pokemon-cards/series/sv10/176/
[445/483] ✗ Failed: Bot detection triggered despite using browser.
[446/483] (92%) Scraping sv10/177...
Loading: https://www.pokemon.com/us/pokemon-tcg/pokemon-cards/series/sv10/177/
[446/483] ✗ Failed: Bot detection triggered despite using browser.
[447/483] (93%) Scraping sv10/178...
Loading: https://www.pokemon.com/us/pokemon-tcg/pokemon-cards/series/sv10/178/
[447/483] ✗ Failed: Bot detection triggered despite using browser.
[448/483] (93%) Scraping sv10/179...
Loading: https://www.pokemon.com/us/pokemon-tcg/pokemon-cards/series/sv10/179/
[448/483] ✗ Failed: Bot detection triggered despite using browser.
[449/483] (93%) Scraping sv10/180...
Loading: https://www.pokemon.com/us/pokemon-tcg/pokemon-cards/series/sv10/180/
[449/483] ✗ Failed: Bot detection triggered despite using browser.
[450/483] (93%) Scraping sv10/181...
Loading: https://www.pokemon.com/us/pokemon-tcg/pokemon-cards/series/sv10/181/
[450/483] ✗ Failed: Bot detection triggered despite using browser.
[450/483] Progress saved | Success: 374, Failed: 76 | ETA: 4m 11s

[451/483] (93%) Scraping sv10/220...
Loading: https://www.pokemon.com/us/pokemon-tcg/pokemon-cards/series/sv10/220/
[451/483] ✗ Failed: Bot detection triggered despite using browser.
[452/483] (94%) Scraping sv10/221...
Loading: https://www.pokemon.com/us/pokemon-tcg/pokemon-cards/series/sv10/221/
[452/483] ✗ Failed: Bot detection triggered despite using browser.
[453/483] (94%) Scraping sv10/222...
Loading: https://www.pokemon.com/us/pokemon-tcg/pokemon-cards/series/sv10/222/
[453/483] ✗ Failed: Bot detection triggered despite using browser.
[454/483] (94%) Scraping sv10/223...
Loading: https://www.pokemon.com/us/pokemon-tcg/pokemon-cards/series/sv10/223/
[454/483] ✗ Failed: Bot detection triggered despite using browser.
[455/483] (94%) Scraping sv10/224...
Loading: https://www.pokemon.com/us/pokemon-tcg/pokemon-cards/series/sv10/224/
[455/483] ✗ Failed: Bot detection triggered despite using browser.
[456/483] (94%) Scraping sv10/225...
Loading: https://www.pokemon.com/us/pokemon-tcg/pokemon-cards/series/sv10/225/
[456/483] ✗ Failed: Bot detection triggered despite using browser.
[457/483] (95%) Scraping sv10/226...
Loading: https://www.pokemon.com/us/pokemon-tcg/pokemon-cards/series/sv10/226/
[457/483] ✗ Failed: Bot detection triggered despite using browser.
[458/483] (95%) Scraping sv10/227...
Loading: https://www.pokemon.com/us/pokemon-tcg/pokemon-cards/series/sv10/227/
[458/483] ✗ Failed: Bot detection triggered despite using browser.
[459/483] (95%) Scraping sv10/236...
Loading: https://www.pokemon.com/us/pokemon-tcg/pokemon-cards/series/sv10/236/
[459/483] ✗ Failed: Bot detection triggered despite using browser.
[460/483] (95%) Scraping sv10/237...
Loading: https://www.pokemon.com/us/pokemon-tcg/pokemon-cards/series/sv10/237/
[460/483] ✗ Failed: Bot detection triggered despite using browser.
[460/483] Progress saved | Success: 374, Failed: 86 | ETA: 3m 54s

[461/483] (95%) Scraping sv10/238...
Loading: https://www.pokemon.com/us/pokemon-tcg/pokemon-cards/series/sv10/238/
[461/483] ✗ Failed: Bot detection triggered despite using browser.
[462/483] (96%) Scraping sv10/243...
Loading: https://www.pokemon.com/us/pokemon-tcg/pokemon-cards/series/sv10/243/
[462/483] ✗ Failed: Bot detection triggered despite using browser.
[463/483] (96%) Scraping sv10/244...
Loading: https://www.pokemon.com/us/pokemon-tcg/pokemon-cards/series/sv10/244/
[463/483] ✗ Failed: Bot detection triggered despite using browser.
[464/483] (96%) Scraping zsv10pt5/79...
Loading: https://www.pokemon.com/us/pokemon-tcg/pokemon-cards/series/zsv10pt5/79/
[464/483] ✗ Failed: Bot detection triggered despite using browser.
[465/483] (96%) Scraping zsv10pt5/80...
Loading: https://www.pokemon.com/us/pokemon-tcg/pokemon-cards/series/zsv10pt5/80/
[465/483] ✗ Failed: Bot detection triggered despite using browser.
[466/483] (96%) Scraping zsv10pt5/81...
Loading: https://www.pokemon.com/us/pokemon-tcg/pokemon-cards/series/zsv10pt5/81/
[466/483] ✗ Failed: Bot detection triggered despite using browser.
[467/483] (97%) Scraping zsv10pt5/82...
Loading: https://www.pokemon.com/us/pokemon-tcg/pokemon-cards/series/zsv10pt5/82/
[467/483] ✗ Failed: Bot detection triggered despite using browser.
[468/483] (97%) Scraping zsv10pt5/83...
Loading: https://www.pokemon.com/us/pokemon-tcg/pokemon-cards/series/zsv10pt5/83/
[468/483] ✗ Failed: Bot detection triggered despite using browser.
[469/483] (97%) Scraping zsv10pt5/84...
Loading: https://www.pokemon.com/us/pokemon-tcg/pokemon-cards/series/zsv10pt5/84/
[469/483] ✗ Failed: Bot detection triggered despite using browser.
[470/483] (97%) Scraping zsv10pt5/85...
Loading: https://www.pokemon.com/us/pokemon-tcg/pokemon-cards/series/zsv10pt5/85/
[470/483] ✗ Failed: Bot detection triggered despite using browser.
[470/483] Progress saved | Success: 374, Failed: 96 | ETA: 2m 38s

[471/483] (98%) Scraping zsv10pt5/162...
Loading: https://www.pokemon.com/us/pokemon-tcg/pokemon-cards/series/zsv10pt5/162/
[471/483] ✗ Failed: Bot detection triggered despite using browser.
[472/483] (98%) Scraping zsv10pt5/163...
Loading: https://www.pokemon.com/us/pokemon-tcg/pokemon-cards/series/zsv10pt5/163/
[472/483] ✗ Failed: Bot detection triggered despite using browser.
[473/483] (98%) Scraping zsv10pt5/170...
Loading: https://www.pokemon.com/us/pokemon-tcg/pokemon-cards/series/zsv10pt5/170/
[473/483] ✗ Failed: Bot detection triggered despite using browser.
[474/483] (98%) Scraping rsv10pt5/79...
Loading: https://www.pokemon.com/us/pokemon-tcg/pokemon-cards/series/rsv10pt5/79/
[474/483] ✗ Failed: Bot detection triggered despite using browser.
[475/483] (98%) Scraping rsv10pt5/80...
Loading: https://www.pokemon.com/us/pokemon-tcg/pokemon-cards/series/rsv10pt5/80/
[475/483] ✗ Failed: Bot detection triggered despite using browser.
[476/483] (99%) Scraping rsv10pt5/81...
Loading: https://www.pokemon.com/us/pokemon-tcg/pokemon-cards/series/rsv10pt5/81/
[476/483] ✗ Failed: Bot detection triggered despite using browser.
[477/483] (99%) Scraping rsv10pt5/82...
Loading: https://www.pokemon.com/us/pokemon-tcg/pokemon-cards/series/rsv10pt5/82/
[477/483] ✗ Failed: Bot detection triggered despite using browser.
[478/483] (99%) Scraping rsv10pt5/83...
Loading: https://www.pokemon.com/us/pokemon-tcg/pokemon-cards/series/rsv10pt5/83/
[478/483] ✗ Failed: Bot detection triggered despite using browser.
[479/483] (99%) Scraping rsv10pt5/84...
Loading: https://www.pokemon.com/us/pokemon-tcg/pokemon-cards/series/rsv10pt5/84/
[479/483] ✗ Failed: Bot detection triggered despite using browser.
[480/483] (99%) Scraping rsv10pt5/85...
Loading: https://www.pokemon.com/us/pokemon-tcg/pokemon-cards/series/rsv10pt5/85/
[480/483] ✗ Failed: Bot detection triggered despite using browser.
[480/483] Progress saved | Success: 374, Failed: 106 | ETA: 0m 23s

[481/483] (100%) Scraping rsv10pt5/163...
Loading: https://www.pokemon.com/us/pokemon-tcg/pokemon-cards/series/rsv10pt5/163/
[481/483] ✗ Failed: Bot detection triggered despite using browser.
[482/483] (100%) Scraping rsv10pt5/164...
Loading: https://www.pokemon.com/us/pokemon-tcg/pokemon-cards/series/rsv10pt5/164/
[482/483] ✗ Failed: Bot detection triggered despite using browser.
[483/483] (100%) Scraping rsv10pt5/171...
Loading: https://www.pokemon.com/us/pokemon-tcg/pokemon-cards/series/rsv10pt5/171/
[483/483] ✗ Failed: Bot detection triggered despite using browser.
[483/483] Progress saved | Success: 374, Failed: 109 | ETA: 0m 0s


✓ Saved 374 detailed cards to results/trainer_cards_full_2025-11-23T19-35-05_details.json
⚠ 109 cards failed to scrape
✓ Saved summary to results/trainer_cards_full_2025-11-23T19-35-05_summary.json

=== Final Results ===
Total cards: 483
Successfully scraped: 374
Failed: 109
Total time: 60m 28s

✗ Error: avgTime is not defined
ReferenceError: avgTime is not defined
    at scrapeFromUrlsFile (/Users/leo/Projects/pokemontcgscraper/scrape_from_urls.js:118:47)
